<?xml version="1.0" encoding="UTF-8"?>
<!-- Generated by org.testng.reporters.JUnitReportReporter -->
<testsuite skipped="0" hostname="Sonali-PC" name="tests.loginTest" tests="2" failures="0" timestamp="30 Nov 2018 02:40:29 GMT" time="30.134" errors="0">
  <testcase name="f" time="16.080" classname="tests.loginTest"/>
  <testcase name="f" time="14.054" classname="tests.loginTest"/>
</testsuite> <!-- tests.loginTest -->
